2025-02-19 17:41:51,856 - INFO - 加载配置文件...
2025-02-19 17:41:51,856 - INFO - 基础配置: config/base_config.yaml
2025-02-19 17:41:51,858 - INFO - TLE配置: config/tle_config.yaml
2025-02-19 17:41:51,859 - INFO - 算法配置: config/algorithm_config.yaml
2025-02-19 17:41:51,864 - INFO - 开始运行Dijkstra算法测试...
2025-02-19 17:41:51,865 - INFO - 
测试路径: 0 -> 30
2025-02-19 17:41:51,872 - INFO - 未找到有效路径
2025-02-19 17:41:51,872 - INFO - 
测试路径: 10 -> 40
2025-02-19 17:41:51,875 - INFO - 找到路径: [10, 33, 40]
2025-02-19 17:41:51,875 - INFO - 路径长度: 3 跳
2025-02-19 17:41:51,875 - INFO - 总延迟: 24.83ms
2025-02-19 17:41:51,875 - INFO - 平均链路质量: 0.26
2025-02-19 17:41:51,875 - INFO - 
测试路径: 5 -> 15
2025-02-19 17:41:51,877 - INFO - 找到路径: [5, 56, 15]
2025-02-19 17:41:51,877 - INFO - 路径长度: 3 跳
2025-02-19 17:41:51,877 - INFO - 总延迟: 19.85ms
2025-02-19 17:41:51,877 - INFO - 平均链路质量: 0.40
2025-02-19 17:41:51,877 - INFO - 
测试路径: 20 -> 50
2025-02-19 17:41:51,904 - INFO - 找到路径: [20, 65, 23, 22, 56, 4, 59, 7, 50]
2025-02-19 17:41:51,904 - INFO - 路径长度: 9 跳
2025-02-19 17:41:51,904 - INFO - 总延迟: 93.41ms
2025-02-19 17:41:51,904 - INFO - 平均链路质量: 0.30
2025-02-19 17:41:51,904 - INFO - 
测试路径: 35 -> 45
2025-02-19 17:41:51,912 - INFO - 未找到有效路径
2025-02-19 17:41:51,912 - INFO - 
Dijkstra算法测试完成!
